1751659085022	geckodriver	INFO	Listening on 127.0.0.1:49227
1751659085101	mozrunner::runner	INFO	Running command: MOZ_CRASHREPORTER="1" MOZ_CRASHREPORTER_NO_REPORT="1" MOZ_CRASHREPORTER_SHUTDOWN="1" "/Applications/Firefox. ... s" "localhost" "-foreground" "-no-remote" "-profile" "/var/folders/fq/mcns_j9s5dqcp4ttxhzx8gzh0000gn/T/rust_mozprofilecc4PuJ"
console.warn: services.settings: Ignoring preference override of remote settings server
console.warn: services.settings: Allow by setting MOZ_REMOTE_SETTINGS_DEVTOOLS=1 in the environment
1751659086120	Marionette	INFO	Marionette enabled
1751659086649	Marionette	INFO	Listening on port 49243
WebDriver BiDi listening on ws://127.0.0.1:49228
Read port: 49243
1751659086922	RemoteAgent	WARN	TLS certificate errors will be ignored for this session
console.warn: LoginRecipes: "Falling back to a synchronous message for: https://opensource-demo.orangehrmlive.com."
console.warn: LoginRecipes: "Falling back to a synchronous message for: https://opensource-demo.orangehrmlive.com."
1751659095099	Marionette	INFO	Stopped listening on port 49243
JavaScript warning: https://opensource-demo.orangehrmlive.com/web/dist/js/chunk-vendors.js?v=1721393199309, line 123: Script terminated by timeout at:
Uo@https://opensource-demo.orangehrmlive.com/web/dist/js/chunk-vendors.js?v=1721393199309:123:5189
Ho@https://opensource-demo.orangehrmlive.com/web/dist/js/chunk-vendors.js?v=1721393199309:123:5009
jr@https://opensource-demo.orangehrmlive.com/web/dist/js/chunk-vendors.js?v=1721393199309:1:401633
fr@https://opensource-demo.orangehrmlive.com/web/dist/js/chunk-vendors.js?v=1721393199309:121:29639
l@https://opensource-demo.orangehrmlive.com/web/dist/js/chunk-vendors.js?v=1721393199309:123:26180
run@https://opensource-demo.orangehrmlive.com/web/dist/js/chunk-vendors.js?v=1721393199309:121:12788
4032/as/I/e.update@https://opensource-demo.orangehrmlive.com/web/dist/js/chunk-vendors.js?v=1721393199309:123:26464
I@https://opensource-demo.orangehrmlive.com/web/dist/js/chunk-vendors.js?v=1721393199309:123:26491
N@https://opensource-demo.orangehrmlive.com/web/dist/js/chunk-vendors.js?v=1721393199309:123:25209
P@https://opensource-demo.orangehrmlive.com/web/dist/js/chunk-vendors.js?v=1721393199309:123:25007
v@https://opensource-demo.orangehrmlive.com/web/dist/js/chunk-vendors.js?v=1721393199309:123:21997
l@https://opensource-demo.orangehrmlive.com/web/dist/js/chunk-vendors.js?v=1721393199309:123:26188
run@https://opensource-demo.orangehrmlive.com/web/dist/js/chunk-vendors.js?v=1721393199309:121:12788
4032/as/I/e.update@https://opensource-demo.orangehrmlive.com/web/dist/js/chunk-vendors.js?v=1721393199309:123:26464
I@https://opensource-demo.orangehrmlive.com/web/dist/js/chunk-vendors.js?v=1721393199309:123:26491
N@https://opensource-demo.orangehrmlive.com/web/dist/js/chunk-vendors.js?v=1721393199309:123:25209
P@https://opensource-demo.orangehrmlive.com/web/dist/js/chunk-vendors.js?v=1721393199309:123:25007
v@https://opensource-demo.orangehrmlive.com/web/dist/js/chunk-vendors.js?v=1721393199309:123:21997
L@https://opensource-demo.orangehrmlive.com/web/dist/js/chunk-vendors.js?v=1721393199309:123:23408
k@https://opensource-demo.orangehrmlive.com/web/dist/js/chunk-vendors.js?v=1721393199309:123:22748
_@https://opensource-demo.orangehrmlive.com/web/dist/js/chunk-vendors.js?v=1721393199309:123:22574
v@https://opensource-demo.orangehrmlive.com/web/dist/js/chunk-vendors.js?v=1721393199309:123:21972
L@https://opensource-demo.orangehrmlive.com/web/dist/js/chunk-vendors.js?v=1721393199309:123:23408
k@https://opensource-demo.orangehrmlive.com/web/dist/js/chunk-vendors.js?v=1721393199309:123:22748
_@https://opensource-demo.orangehrmlive.com/web/dist/js/chunk-vendors.js?v=1721393199309:123:22574
v@https://opensource-demo.orangehrmlive.com/web/dist/js/chunk-vendors.js?v=1721393199309:123:21972
l@https://opensource-demo.orangehrmlive.com/web/dist/js/chunk-vendors.js?v=1721393199309:123:26188
run@https://opensource-demo.orangehrmlive.com/web/dist/js/chunk-vendors.js?v=1721393199309:121:12788
4032/as/I/e.update@https://opensource-demo.orangehrmlive.com/web/dist/js/chunk-vendors.js?v=1721393199309:123:26464
I@https://opensource-demo.orangehrmlive.com/web/dist/js/chunk-vendors.js?v=1721393199309:123:26491
N@https://opensource-demo.orangehrmlive.com/web/dist/js/chunk-vendors.js?v=1721393199309:123:25209
P@https://opensource-demo.orangehrmlive.com/web/dist/js/chunk-vendors.js?v=1721393199309:123:25007
v@https://opensource-demo.orangehrmlive.com/web/dist/js/chunk-vendors.js?v=1721393199309:123:21997
L@https://opensource-demo.orangehrmlive.com/web/dist/js/chunk-vendors.js?v=1721393199309:123:23408
D@https://opensource-demo.orangehrmlive.com/web/dist/js/chunk-vendors.js?v=1721393199309:123:24750
v@https://opensource-demo.orangehrmlive.com/web/dist/js/chunk-vendors.js?v=1721393199309:123:21934
L@https://opensource-demo.orangehrmlive.com/web/dist/js/chunk-vendors.js?v=1721393199309:123:23408
k@https://opensource-demo.orangehrmlive.com/web/dist/js/chunk-vendors.js?v=1721393199309:123:22748
_@https://opensource-demo.orangehrmlive.com/web/dist/js/chunk-vendors.js?v=1721393199309:123:22574
v@https://opensource-demo.orangehrmlive.com/web/dist/js/chunk-vendors.js?v=1721393199309:123:21972
L@https://opensource-demo.orangehrmlive.com/web/dist/js/chunk-vendors.js?v=1721393199309:123:23408
D@https://opensource-demo.orangehrmlive.com/web/dist/js/chunk-vendors.js?v=1721393199309:123:24750
v@https://opensource-demo.orangehrmlive.com/web/dist/js/chunk-vendors.js?v=1721393199309:123:21934
l@https://opensource-demo.orangehrmlive.com/web/dist/js/chunk-vendors.js?v=1721393199309:123:26188
run@https://opensource-demo.orangehrmlive.com/web/dist/js/chunk-vendors.js?v=1721393199309:121:12788
4032/as/I/e.update@https://opensource-demo.orangehrmlive.com/web/dist/js/chunk-vendors.js?v=1721393199309:123:26464
I@https://opensource-demo.orangehrmlive.com/web/dist/js/chunk-vendors.js?v=1721393199309:123:26491
N@https://opensource-demo.orangehrmlive.com/web/dist/js/chunk-vendors.js?v=1721393199309:123:25209
P@https://opensource-demo.orangehrmlive.com/web/dist/js/chunk-vendors.js?v=1721393199309:123:25007
v@https://opensource-demo.orangehrmlive.com/web/dist/js/chunk-vendors.js?v=1721393199309:123:21997
L@https://opensource-demo.orangehrmlive.com/web/dist/js/chunk-vendors.js?v=1721393199309:123:23408
k@https://opensource-demo.orangehrmlive.com/web/dist/js/chunk-vendors.js?v=1721393199309:123:22748
_@https://opensource-demo.orangehrmlive.com/web/dist/js/chunk-vendors.js?v=1721393199309:123:22574
v@https://opensource-demo.orangehrmlive.com/web/dist/js/chunk-vendors.js?v=1721393199309:123:21972
L@https://opensource-demo.orangehrmlive.com/web/dist/js/chunk-vendors.js?v=1721393199309:123:23408
k@https://opensource-demo.orangehrmlive.com/web/dist/js/chunk-vendors.js?v=1721393199309:123:22748
_@https://opensource-demo.orangehrmlive.com/web/dist/js/chunk-vendors.js?v=1721393199309:123:22574
v@https://opensource-demo.orangehrmlive.com/web/dist/js/chunk-vendors.js?v=1721393199309:123:21972
L@https://opensource-demo.orangehrmlive.com/web/dist/js/chunk-vendors.js?v=1721393199309:123:23408
k@https://opensource-demo.orangehrmlive.com/web/dist/js/chunk-vendors.js?v=1721393199309:123:22748
_@https://opensource-demo.orangehrmlive.com/web/dist/js/chunk-vendors.js?v=1721393199309:123:22574
v@https://opensource-demo.orangehrmlive.com/web/dist/js/chunk-vendors.js?v=1721393199309:123:21972
l@https://opensource-demo.orangehrmlive.com/web/dist/js/chunk-vendors.js?v=1721393199309:123:26188
run@https://opensource-demo.orangehrmlive.com/web/dist/js/chunk-vendors.js?v=1721393199309:121:12788
4032/as/I/e.update@https://opensource-demo.orangehrmlive.com/web/dist/js/chunk-vendors.js?v=1721393199309:123:26464
I@https://opensource-demo.orangehrmlive.com/web/dist/js/chunk-vendors.js?v=1721393199309:123:26491
N@https://opensource-demo.orangehrmlive.com/web/dist/js/chunk-vendors.js?v=1721393199309:123:25209
P@https://opensource-demo.orangehrmlive.com/web/dist/js/chunk-vendors.js?v=1721393199309:123:25007
v@https://opensource-demo.orangehrmlive.com/web/dist/js/chunk-vendors.js?v=1721393199309:123:21997
L@https://opensource-demo.orangehrmlive.com/web/dist/js/chunk-vendors.js?v=1721393199309:123:23408
k@https://opensource-demo.orangehrmlive.com/web/dist/js/chunk-vendors.js?v=1721393199309:123:22748
_@https://opensource-demo.orangehrmlive.com/web/dist/js/chunk-vendors.js?v=1721393199309:123:22574
v@https://opensource-demo.orangehrmlive.com/web/dist/js/chunk-vendors.js?v=1721393199309:123:21972
L@https://opensource-demo.orangehrmlive.com/web/dist/js/chunk-vendors.js?v=1721393199309:123:23408
k@https://opensource-demo.orangehrmlive.com/web/dist/js/chunk-vendors.js?v=1721393199309:123:22748
_@https://opensource-demo.orangehrmlive.com/web/dist/js/chunk-vendors.js?v=1721393199309:123:22574
v@https://opensource-demo.orangehrmlive.com/web/dist/js/chunk-vendors.js?v=1721393199309:123:21972
l@https://opensource-demo.orangehrmlive.com/web/dist/js/chunk-vendors.js?v=1721393199309:123:26188
run@https://opensource-demo.orangehrmlive.com/web/dist/js/chunk-vendors.js?v=1721393199309:121:12788
4032/as/I/e.update@https://opensource-demo.orangehrmlive.com/web/dist/js/chunk-vendors.js?v=1721393199309:123:26464
I@https://opensource-demo.orangehrmlive.com/web/dist/js/chunk-vendors.js?v=1721393199309:123:26491
N@https://opensource-demo.orangehrmlive.com/web/dist/js/chunk-vendors.js?v=1721393199309:123:25209
P@https://opensource-demo.orangehrmlive.com/web/dist/js/chunk-vendors.js?v=1721393199309:123:25007
v@https://opensource-demo.orangehrmlive.com/web/dist/js/chunk-vendors.js?v=1721393199309:123:21997
L@https://opensource-demo.orangehrmlive.com/web/dist/js/chunk-vendors.js?v=1721393199309:123:23408
D@https://opensource-demo.orangehrmlive.com/web/dist/js/chunk-vendors.js?v=1721393199309:123:24750
v@https://opensource-demo.orangehrmlive.com/web/dist/js/chunk-vendors.js?v=1721393199309:123:21934
l@https://opensource-demo.orangehrmlive.com/web/dist/js/chunk-vendors.js?v=1721393199309:123:26188
run@https://opensource-demo.orangehrmlive.com/web/dist/js/chunk-vendors.js?v=1721393199309:121:12788
4032/as/I/e.update@https://opensource-demo.orangehrmlive.com/web/dist/js/chunk-vendors.js?v=1721393199309:123:26464
I@https://opensource-demo.orangehrmlive.com/web/dist/js/chunk-vendors.js?v=1721393199309:123:26491
N@https://opensource-demo.orangehrmlive.com/web/dist/js/chunk-vendors.js?v=1721393199309:123:25209
P@https://opensource-demo.orangehrmlive.com/web/dist/js/chunk-vendors.js?v=1721393199309:123:25007
v@https://opensource-demo.orangehrmlive.com/web/dist/js/chunk-vendors.js?v=1721393199309:123:21997
L@https://opensource-demo.orangehrmlive.com/web/dist/js/chunk-vendors.js?v=1721393199309:123:23408
D@https://opensource-demo.orangehrmlive.com/web/dist/js/chunk-vendors.js?v=1721393199309:123:24750
v@https://opensource-demo.orangehrmlive.com/web/dist/js/chunk-vendors.js?v=1721393199309:123:21934
l@https://opensource-demo.orangehrmlive.com/web/dist/js/chunk-vendors.js?v=1721393199309:123:26188
run@https://opensource-demo.orangehrmlive.com/web/dist/js/chunk-vendors.js?v=1721393199309:121:12788
4032/as/I/e.update@https://opensource-demo.orangehrmlive.com/web/dist/js/chunk-vendors.js?v=1721393199309:123:26464
I@https://opensource-demo.orangehrmlive.com/web/dist/js/chunk-vendors.js?v=1721393199309:123:26491
N@https://opensource-demo.orangehrmlive.com/web/dist/js/chunk-vendors.js?v=1721393199309:123:25209
P@https://opensource-demo.orangehrmlive.com/web/dist/js/chunk-vendors.js?v=1721393199309:123:25007
v@https://opensource-demo.orangehrmlive.com/web/dist/js/chunk-vendors.js?v=1721393199309:123:21997
K@https://opensource-demo.orangehrmlive.com/web/dist/js/chunk-vendors.js?v=1721393199309:123:30106
mount@https://opensource-demo.orangehrmlive.com/web/dist/js/chunk-vendors.js?v=1721393199309:123:12169
4032/Fc/t.mount@https://opensource-demo.orangehrmlive.com/web/dist/js/chunk-vendors.js?v=1721393199309:125:8923
7368/<@https://opensource-demo.orangehrmlive.com/web/dist/js/app.js?v=1721393199309:1:1509047

console.error: "Failed to fetch https://ads.mozilla.org/v1/delete_user:" "NetworkError when attempting to fetch resource."
console.warn: TopSitesFeed: Failed to fetch data from MARS server: NetworkError when attempting to fetch resource.
console.error: services.settings: 
Object
  - prototype Object
    - columnNumber = 0
    - data = null
    - filename = resource://gre/modules/ServiceRequest.sys.mjs
    - lineNumber = 126
    - location = {"name":"open","filename":"resource://gre/modules/ServiceRequest.sys.mjs","sourceId":25,"lineNumber":126,"columnNumber":11,"asyncCause":null,"asyncCaller":null,"caller":{"filename":"resource://services-settings/Utils.sys.mjs","name":"fetch/<","sourceId":24,"lineNumber":268,"columnNumber":15,"asyncCause":null,"asyncCaller":null,"caller":{"filename":"resource://services-settings/Utils.sys.mjs","name":"fetch","sourceId":24,"lineNumber":219,"columnNumber":12,"asyncCause":null,"asyncCaller":null,"caller":{"filename":"resource://services-settings/Utils.sys.mjs","name":"fetchLatestChanges","sourceId":24,"lineNumber":429,"columnNumber":34,"asyncCause":null,"asyncCaller":null,"caller":{"filename":"resource://services-settings/RemoteSettingsClient.sys.mjs","name":"sync","sourceId":22,"lineNumber":625,"columnNumber":42,"asyncCause":null,"asyncCaller":null,"caller":{"filename":"resource://services-settings/RemoteSettingsClient.sys.mjs","name":"get/this._importingPromise<","sourceId":22,"lineNumber":477,"columnNumber":28,"asyncCause":null,"asyncCaller":null,"caller":null,"formattedStack":"get/this._importingPromise<@resource://services-settings/RemoteSettingsClient.sys.mjs:477:28\n","nativeSavedFrame":{}},"formattedStack":"sync@resource://services-settings/RemoteSettingsClient.sys.mjs:625:42\nget/this._importingPromise<@resource://services-settings/RemoteSettingsClient.sys.mjs:477:28\n","nativeSavedFrame":{}},"formattedStack":"fetchLatestChanges@resource://services-settings/Utils.sys.mjs:429:34\nsync@resource://services-settings/RemoteSettingsClient.sys.mjs:625:42\nget/this._importingPromise<@resource://services-settings/RemoteSettingsClient.sys.mjs:477:28\n","nativeSavedFrame":{}},"formattedStack":"fetch@resource://services-settings/Utils.sys.mjs:219:12\nfetchLatestChanges@resource://services-settings/Utils.sys.mjs:429:34\nsync@resource://services-settings/RemoteSettingsClient.sys.mjs:625:42\nget/this._importingPromise<@resource://services-settings/RemoteSettingsClient.sys.mjs:477:28\n","nativeSavedFrame":{}},"formattedStack":"fetch/<@resource://services-settings/Utils.sys.mjs:268:15\nfetch@resource://services-settings/Utils.sys.mjs:219:12\nfetchLatestChanges@resource://services-settings/Utils.sys.mjs:429:34\nsync@resource://services-settings/RemoteSettingsClient.sys.mjs:625:42\nget/this._importingPromise<@resource://services-settings/RemoteSettingsClient.sys.mjs:477:28\n","nativeSavedFrame":{}},"formattedStack":"open@resource://gre/modules/ServiceRequest.sys.mjs:126:11\nfetch/<@resource://services-settings/Utils.sys.mjs:268:15\nfetch@resource://services-settings/Utils.sys.mjs:219:12\nfetchLatestChanges@resource://services-settings/Utils.sys.mjs:429:34\nsync@resource://services-settings/RemoteSettingsClient.sys.mjs:625:42\nget/this._importingPromise<@resource://services-settings/RemoteSettingsClient.sys.mjs:477:28\n","nativeSavedFrame":{}}
    - message = 
    - name = 
    - result = 2152071198
    - stack = open@resource://gre/modules/ServiceRequest.sys.mjs:126:11|fetch/<@resource://services-settings/Utils.sys.mjs:268:15|fetch@resource://services-settings/Utils.sys.mjs:219:12|fetchLatestChanges@resource://services-settings/Utils.sys.mjs:429:34|sync@resource://services-settings/RemoteSettingsClient.sys.mjs:625:42|get/this._importingPromise<@resource://services-settings/RemoteSettingsClient.sys.mjs:477:28|
  - prototype Object
